certificates:stage:test-domain-com.crt
-----BEGIN CERTIFICATE-----
MIIF3TCCA8WgAwIBAgIQa4G+i9mDPTNZAtq9QnGTkzANBgkqhkiG9w0BAQsFADBb
MQswCQYDVQQGEwJSVTENMAsGA1UECBMET01TSzENMAsGA1UEBxMET01TSzEWMBQG
A1UEChMNRGlyZWN0LURldi5SdTEWMBQGA1UEAxMNRGlyZWN0LURldi5SdTAeFw0y
NDAyMTYxMDM3MDJaFw0zNDAyMTYxMDM3MDJaMGAxCjAIBgNVBAYTAS4xCjAIBgNV
BAgTAS4xCjAIBgNVBAcTAS4xCTAHBgNVBAkTADEJMAcGA1UEERMAMQowCAYDVQQK
EwEuMRgwFgYDVQQDEw90ZXN0LmRvbWFpbi5jb20wggIiMA0GCSqGSIb3DQEBAQUA
A4ICDwAwggIKAoICAQDQ6GzXX+tAkk8Q4Ldv2Lh3Lp5QIXBEV1PKxf2qnSuHiqSb
heuet22acN3ccDijzP67uNYUZz/FLxitusunjURkccb5qrZZAM+JKG1FknAM3gc0
AgzFU9oKyC/WdAZrCvlTe3fKTb3fVEenxBoJe+F3sAv0+00yXC//EwWQWzPkmrYt
NBd+OOBbMk3lANTP6xCGP2rpYEEMd/GI1LRIiiZt1NBMIZTp9B6x0ncU3QzehhhQ
U4M4XNHMquGMJu82Q0zNjVmSh2mPi8DS4tGst69hTefriQmDqATgl76L5rwBx758
+H2tDsWBrOtXgHn3EEUKiYj8SuknGfhN/EOi4FKNvmV3KJgan0XFcVu5WWeiYMV8
nrd9kvQcKqFHw8Uzpl1kSW2yB95+TKNNR/rSmK+9hLSudveZlS6LBsjkitFjNdPI
YdF9j74qACnP+AQqXse8o65iUSZ/YvvwjriWuV4Xywhh/XNsKUCW176C+VrK10r0
f6UtOxCHr3gFfkQFz9k8Mkuyc9GCZQXxUjNKthbmPoqRzAYhVSt1xA0wt1y785kD
fIK/JyO/ecmJKDJYm7k737nXBTFgZpk/+fgavzwf3cfByKasQbV9cv9rC09iS8iV
yfhRqGzbKajzGbym0OHh88gt3t+7zBiAdRYCCi2r8yZLvikRDv3yJg2AdwdLgwID
AQABo4GXMIGUMA4GA1UdDwEB/wQEAwIHgDAdBgNVHSUEFjAUBggrBgEFBQcDAgYI
KwYBBQUHAwEwDgYDVR0OBAcEBdbLXsCYMB8GA1UdIwQYMBaAFNJndcS7iSoVm0+7
3QdeYXhv7VrxMDIGA1UdEQQrMCmCD3Rlc3QuZG9tYWluLmNvbYcEfwAAAYcQAAAA
AAAAAAAAAAAAAAAAATANBgkqhkiG9w0BAQsFAAOCAgEAMOeRH316L/Al+CsvMHZD
NXievwFfYwMXkNkggHzTTI+E//ErUXWLo6NSuiqb7V+eYj/a1oLvkoTdNyzcIB99
BXWBwr/guA9v1JRl0Et+Gi8GLdqL8DwclKdTkNReNdorP/8Tynp/pcoyNDJqms5E
sgQmI/YzIJBblXaRJbyRCYaL8tMq5WIS7nqkM3cDNUPHdq5sQLz721rOpIOR6L0w
5/oEKvuL5ge1TDMSXknwHH4RH6wIGdzUs+F1X/m1QHZhcWrYy/1dBBvNsV+3PUtd
JK9Z3p3Z4JAysndmA6I+Fmm+0/W8w0DnQs4SXZoELsYP0vAwT0ybmvv2dIMZdyfm
bc2P92MYKkO2m1GPR/x87MbTRhWjG4wpqKWI1HfKOxOFI+xAZ/wFOdCj1maxjpJY
+CO6Vq6j7q6+9/w8R5mSxkwogYJTf/AnNBlTtGrbO/bhFl4cqe9/5HYQZvSN2mJx
0+dY6xe7e7Gs/YbKBXAmqdOqBxE3OkKdEdcObzYJ0ekmQvWj3+TMp/I37SMpzQz2
iVnZvztyLD9+Cc3YPxuVc5b8WzKO42/rWHSeKOEsCHt4vZ9alVvYbml906dI9Njv
4rsSnOoJqO3/6C7smDr1yxJ4yLOJHhLSnLXQxYFYYOJYHRq8asnQFDaZ/gTA3NjT
5jzUA1Cki7r3+p05r3e63Qw=
-----END CERTIFICATE-----

