[certificates:stage:test-domain-com.key]

-----BEGIN RSA PRIVATE KEY-----
MIIJKAIBAAKCAgEA0Ohs11/rQJJPEOC3b9i4dy6eUCFwRFdTysX9qp0rh4qkm4Xr
nrdtmnDd3HA4o8z+u7jWFGc/xS8YrbrLp41EZHHG+aq2WQDPiShtRZJwDN4HNAIM
xVPaCsgv1nQGawr5U3t3yk2931RHp8QaCXvhd7AL9PtNMlwv/xMFkFsz5Jq2LTQX
fjjgWzJN5QDUz+sQhj9q6WBBDHfxiNS0SIombdTQTCGU6fQesdJ3FN0M3oYYUFOD
OFzRzKrhjCbvNkNMzY1Zkodpj4vA0uLRrLevYU3n64kJg6gE4Je+i+a8Ace+fPh9
rQ7FgazrV4B59xBFComI/ErpJxn4TfxDouBSjb5ldyiYGp9FxXFbuVlnomDFfJ63
fZL0HCqhR8PFM6ZdZEltsgfefkyjTUf60pivvYS0rnb3mZUuiwbI5IrRYzXTyGHR
fY++KgApz/gEKl7HvKOuYlEmf2L78I64lrleF8sIYf1zbClAlte+gvlaytdK9H+l
LTsQh694BX5EBc/ZPDJLsnPRgmUF8VIzSrYW5j6KkcwGIVUrdcQNMLdcu/OZA3yC
vycjv3nJiSgyWJu5O9+51wUxYGaZP/n4Gr88H93HwcimrEG1fXL/awtPYkvIlcn4
Uahs2ymo8xm8ptDh4fPILd7fu8wYgHUWAgotq/MmS74pEQ798iYNgHcHS4MCAwEA
AQKCAgAbsbQ8GQsm1D6HDkNDIIfTxOpX1Rb8+FazWuv14kATB94qf+ZsdASjpLLE
tlvL2zEp0acPrWBW05eB8HFvFNssNakbD/Z8dg8NL77Mqk0QZ56s1li7EBKnu0Ic
O+Vd62aCGqwWtZemM5YMN4L8HuAU7dGn+GiTdIUoW20xZeXLOHdOJsm2gfO8Iz8Q
TLvplE/sfBvANHJrJLtwWEJOG4JcrQmwDgOfwC0RhcUjjupV1ZEDlQ6gOi3V5BFi
cwbjOqjD1yk4s5ra3LwDOO5y5yboz1sfbltEiNGctIEeKshhtAkcqBSBDKRCPJo2
T2HbztxYOUNfrs6Z0GeKbxbIUNSgmD8pCGoFSPFLJDeki0tTak+35Xb+f78S7Y5t
o0K3Q3iRts+6JqIdIo7483zhpTeQjiHybxlAjs9Epk+bq1AYkXCilQPfLmgX6L73
ZePDRNHltYg1D+F1tfzp58oEIEfNMCpjpGHJbYPg4uVy/5dEVNHIWRVqiZNqJt8e
oWw8VB3659FFV7S0muxSLexLugcDp8qF4qdXsaRFcVU39En3srShWlEZuPEsUShy
/twChsh682qBOPZSnIb5SvF0kM6spM2lRtvLfPM/euRMsYzS/KDYzyDV2XDusZSz
U34ZDnCrKJRgc/jIQIMAYAAhbvi2MDWiA0Sr8LpfoWe8cpUcAQKCAQEA07mLzo7o
ltakASKUJZ2O1KioX6ROgqZ9qFH7GlOG8E7l+BCLppeKldRfhm6VXdxHAvCMOvmj
p8vC55UEv13DWQva0U2ThK0ge0N2ZdhDaj+rH9YD+X5zh9ifp63VbtYbaQhvORBk
na3ZbsQdkQNykZY+joa3o5pkVn5SLnDELJLHYbc7MplwA+k16oG+u69him93Cz9N
8V1etVmOu089/qVVaTf3l9Mlp0Ytg37xqLRSPc1EaO982X4OE/XZjY6+FokUkdOW
jPQJ1AKpW652kl5rIlktZCV23YnsgKwjkroHiRT3htyeh2MBNcSGa9dlL5S5y00Z
pkf7conPW9ehIQKCAQEA/JgUndXf6Zh/kSSdVjWbKQPG5JaaW1YGzMJ53y3yTd65
RJeU/AZAbG7iXl7UCJSW3pGr3ky0KFKme/QrYI5iDnvnvZW0s6IPJuCwLPOHd+pK
0EhDOy1No+aAYYE16Jas8ZH8tDKIvpHYFVgKvV8+dSSHa0qrXgEbgE3twZjcvG4W
WluA5AvdHaq5sFevn1UzLVLN/TRerP/bBHyrmuBZwLqDrOoDI4CIyAArz6Hq39Yw
AA3oyNLBhcCBC+FEbXTh6VucG+uIAw3uub+3JETaeS8TFS+7TQlkOSm5gmSIh+M1
m0YKQKOFL6IkKwfkx4avKf9ahrL5Ir/aic8wGE/EIwKCAQB5a18SBkK8vjsvq3Tq
XYEb0907fC7KHlDRxrIKVvx7s8OOj26HC0Eey7w8jA581Waj+O9yoteH0wLjbEJc
vJja6EGE5shCvkZyai3sGioPNJQenc2Jt0rqDQECWF6eQYtWoM+oGg6ZnqmjLDUI
hMGfXFpjwj5uRIxmTeszVtgp98L/9uSsD/J9S7Dv25hWai22BlZuzM8WLEW0GrgQ
E1GqR4bD4KTNHPnrBAP19UcBSOghKSaiRzWCRRgtukAZPlMk+VgiiQU9sHYyb5RQ
T60QI7Ws7Rdq51FTm1VWNWHxM14+7xdE8CC547096IZuMgiFUPV78atUANPiy8Vv
FioBAoIBAQCt4RrAFAxRR3L5PRU51Sj8MOdnT+zt1uhTZ8RxR7W2uQ0cFKSwYLVU
b3hQskKPrYm1qN2A55hU8aA9T7XUf+8sPUsnjLiZt4Nqpd1g9Dta5uOdQUFWqTb7
Dp9tf37Wn3Jp0K7+dJMBbHAtMTAjcD8UcJLv3rTcvzJpPjveuxWoeLfWd4rgcPJD
i9TLeXEh44qZNpkqJjTOLkpcal3O/YWLUFl4XJbQh5ig5M1D3xhKAa2FPA30wHAL
XJr4zJdIKd+hvjhWV+qG/75IC5tM0kD6jtc6DGOJAmAFoZ1cD0yVDmlGfA5utKHo
SltPa92nJCXMaUWt1+H8c8lCeGeJNM+1AoIBAAQwafeufdQD10pdToNTVNHMYUdV
3iJ7plObOLxYuKHQYwqaH2/hufyawvb9A4yQaAntkwjI/nWTkJCgysq2FJ+RJ/Kx
caw37rg8oo/gJqOYMNwCVR+AKr9raN0srWME7ll9/S6CwBqR6T7/zFcoNK9ZVzAT
zJRvQ0VKM1RpDKAbWPkxBoMYxt/w14A5LHVKuwCdNXjPriDIvzJsuP9cRdqnSULv
kUnxrddgE7RX6cmQbAI/UVKolsLFV0I6+6P5kEFJokWUbcvT6QAuAp44NAxb2vK1
yrra3cIt39qMJlDLEo57P4TV1xkwkg5nPUusFd4SQlUjfA6yzH0wQw9N28Q=
-----END RSA PRIVATE KEY-----

